# JRE version: Java(TM) SE Runtime Environment (8.0_92-b14) (build 1.8.0_92-b14)
# Java VM: Java HotSpot(TM) Client VM (25.92-b14 mixed mode windows-x86 )
Heap:
 def new generation   total 39424K, used 5676K [0x04e00000, 0x078c0000, 0x0f8a0000)
  eden space 35072K,   9% used [0x04e00000, 0x05126cb0, 0x07040000)
  from space 4352K,  56% used [0x07480000, 0x076e4460, 0x078c0000)
  to   space 4352K,   0% used [0x07040000, 0x07040000, 0x07480000)
 tenured generation   total 87424K, used 67772K [0x0f8a0000, 0x14e00000, 0x24e00000)
   the space 87424K,  77% used [0x0f8a0000, 0x13acf040, 0x13acf200, 0x14e00000)
 Metaspace       used 19009K, capacity 19501K, committed 19584K, reserved 19840K
GC Heap History (10 events):
Event: 6176.540 GC heap before
{Heap before GC invocations=179 (full 1):
 def new generation   total 39424K, used 35074K [0x04e00000, 0x078c0000, 0x0f8a0000)
  eden space 35072K, 100% used [0x04e00000, 0x07040000, 0x07040000)
  from space 4352K,   0% used [0x07040000, 0x07040aa8, 0x07480000)
  to   space 4352K,   0% used [0x07480000, 0x07480000, 0x078c0000)
 tenured generation   total 87424K, used 67772K [0x0f8a0000, 0x14e00000, 0x24e00000)
   the space 87424K,  77% used [0x0f8a0000, 0x13acf040, 0x13acf200, 0x14e00000)
 Metaspace       used 19009K, capacity 19501K, committed 19584K, reserved 19840K
Event: 6176.541 GC heap after
Heap after GC invocations=180 (full 1):
 def new generation   total 39424K, used 2K [0x04e00000, 0x078c0000, 0x0f8a0000)
  eden space 35072K,   0% used [0x04e00000, 0x04e00000, 0x07040000)
  from space 4352K,   0% used [0x07480000, 0x074809c0, 0x078c0000)
  to   space 4352K,   0% used [0x07040000, 0x07040000, 0x07480000)
 tenured generation   total 87424K, used 67772K [0x0f8a0000, 0x14e00000, 0x24e00000)
   the space 87424K,  77% used [0x0f8a0000, 0x13acf040, 0x13acf200, 0x14e00000)
 Metaspace       used 19009K, capacity 19501K, committed 19584K, reserved 19840K
}
Event: 6178.661 GC heap before
{Heap before GC invocations=180 (full 1):
 def new generation   total 39424K, used 35074K [0x04e00000, 0x078c0000, 0x0f8a0000)
  eden space 35072K, 100% used [0x04e00000, 0x07040000, 0x07040000)
  from space 4352K,   0% used [0x07480000, 0x074809c0, 0x078c0000)
  to   space 4352K,   0% used [0x07040000, 0x07040000, 0x07480000)
 tenured generation   total 87424K, used 67772K [0x0f8a0000, 0x14e00000, 0x24e00000)
   the space 87424K,  77% used [0x0f8a0000, 0x13acf040, 0x13acf200, 0x14e00000)
 Metaspace       used 19009K, capacity 19501K, committed 19584K, reserved 19840K
Event: 6178.662 GC heap after
Heap after GC invocations=181 (full 1):
 def new generation   total 39424K, used 3K [0x04e00000, 0x078c0000, 0x0f8a0000)
  eden space 35072K,   0% used [0x04e00000, 0x04e00000, 0x07040000)
  from space 4352K,   0% used [0x07040000, 0x07040e60, 0x07480000)
  to   space 4352K,   0% used [0x07480000, 0x07480000, 0x078c0000)
 tenured generation   total 87424K, used 67772K [0x0f8a0000, 0x14e00000, 0x24e00000)
   the space 87424K,  77% used [0x0f8a0000, 0x13acf040, 0x13acf200, 0x14e00000)
 Metaspace       used 19009K, capacity 19501K, committed 19584K, reserved 19840K
}
Event: 6180.777 GC heap before
{Heap before GC invocations=181 (full 1):
 def new generation   total 39424K, used 35075K [0x04e00000, 0x078c0000, 0x0f8a0000)
  eden space 35072K, 100% used [0x04e00000, 0x07040000, 0x07040000)
  from space 4352K,   0% used [0x07040000, 0x07040e60, 0x07480000)
  to   space 4352K,   0% used [0x07480000, 0x07480000, 0x078c0000)
 tenured generation   total 87424K, used 67772K [0x0f8a0000, 0x14e00000, 0x24e00000)
   the space 87424K,  77% used [0x0f8a0000, 0x13acf040, 0x13acf200, 0x14e00000)
 Metaspace       used 19009K, capacity 19501K, committed 19584K, reserved 19840K
Event: 6180.778 GC heap after
Heap after GC invocations=182 (full 1):
 def new generation   total 39424K, used 2K [0x04e00000, 0x078c0000, 0x0f8a0000)
  eden space 35072K,   0% used [0x04e00000, 0x04e00000, 0x07040000)
  from space 4352K,   0% used [0x07480000, 0x07480a00, 0x078c0000)
  to   space 4352K,   0% used [0x07040000, 0x07040000, 0x07480000)
 tenured generation   total 87424K, used 67772K [0x0f8a0000, 0x14e00000, 0x24e00000)
   the space 87424K,  77% used [0x0f8a0000, 0x13acf040, 0x13acf200, 0x14e00000)
 Metaspace       used 19009K, capacity 19501K, committed 19584K, reserved 19840K
}
Event: 6183.774 GC heap before
{Heap before GC invocations=182 (full 1):
 def new generation   total 39424K, used 35074K [0x04e00000, 0x078c0000, 0x0f8a0000)
  eden space 35072K, 100% used [0x04e00000, 0x07040000, 0x07040000)
  from space 4352K,   0% used [0x07480000, 0x07480a00, 0x078c0000)
  to   space 4352K,   0% used [0x07040000, 0x07040000, 0x07480000)
 tenured generation   total 87424K, used 67772K [0x0f8a0000, 0x14e00000, 0x24e00000)
   the space 87424K,  77% used [0x0f8a0000, 0x13acf040, 0x13acf200, 0x14e00000)
 Metaspace       used 19009K, capacity 19501K, committed 19584K, reserved 19840K
Event: 6183.775 GC heap after
Heap after GC invocations=183 (full 1):
 def new generation   total 39424K, used 3K [0x04e00000, 0x078c0000, 0x0f8a0000)
  eden space 35072K,   0% used [0x04e00000, 0x04e00000, 0x07040000)
  from space 4352K,   0% used [0x07040000, 0x07040ff0, 0x07480000)
  to   space 4352K,   0% used [0x07480000, 0x07480000, 0x078c0000)
 tenured generation   total 87424K, used 67772K [0x0f8a0000, 0x14e00000, 0x24e00000)
   the space 87424K,  77% used [0x0f8a0000, 0x13acf040, 0x13acf200, 0x14e00000)
 Metaspace       used 19009K, capacity 19501K, committed 19584K, reserved 19840K
}
Event: 6272.511 GC heap before
{Heap before GC invocations=183 (full 1):
 def new generation   total 39424K, used 35075K [0x04e00000, 0x078c0000, 0x0f8a0000)
  eden space 35072K, 100% used [0x04e00000, 0x07040000, 0x07040000)
  from space 4352K,   0% used [0x07040000, 0x07040ff0, 0x07480000)
  to   space 4352K,   0% used [0x07480000, 0x07480000, 0x078c0000)
 tenured generation   total 87424K, used 67772K [0x0f8a0000, 0x14e00000, 0x24e00000)
   the space 87424K,  77% used [0x0f8a0000, 0x13acf040, 0x13acf200, 0x14e00000)
 Metaspace       used 19009K, capacity 19501K, committed 19584K, reserved 19840K
Event: 6272.514 GC heap after
Heap after GC invocations=184 (full 1):
 def new generation   total 39424K, used 2449K [0x04e00000, 0x078c0000, 0x0f8a0000)
  eden space 35072K,   0% used [0x04e00000, 0x04e00000, 0x07040000)
  from space 4352K,  56% used [0x07480000, 0x076e4460, 0x078c0000)
  to   space 4352K,   0% used [0x07040000, 0x07040000, 0x07480000)
 tenured generation   total 87424K, used 67772K [0x0f8a0000, 0x14e00000, 0x24e00000)
   the space 87424K,  77% used [0x0f8a0000, 0x13acf040, 0x13acf200, 0x14e00000)
 Metaspace       used 19009K, capacity 19501K, committed 19584K, reserved 19840K
}

