# JRE version: Java(TM) SE Runtime Environment (8.0_92-b14) (build 1.8.0_92-b14)
# Java VM: Java HotSpot(TM) Client VM (25.92-b14 mixed mode windows-x86 )
Heap:
 def new generation   total 39424K, used 35963K [0x05000000, 0x07ac0000, 0x0faa0000)
  eden space 35072K,  98% used [0x05000000, 0x071d0638, 0x07240000)
  from space 4352K,  30% used [0x07240000, 0x0738e760, 0x07680000)
  to   space 4352K,   0% used [0x07680000, 0x07680000, 0x07ac0000)
 tenured generation   total 87424K, used 34104K [0x0faa0000, 0x15000000, 0x25000000)
   the space 87424K,  39% used [0x0faa0000, 0x11bee008, 0x11bee200, 0x15000000)
 Metaspace       used 18881K, capacity 19380K, committed 19456K, reserved 19840K
GC Heap History (10 events):
Event: 597.677 GC heap before
{Heap before GC invocations=6 (full 1):
 def new generation   total 39424K, used 36830K [0x05000000, 0x07ac0000, 0x0faa0000)
  eden space 35072K, 100% used [0x05000000, 0x07240000, 0x07240000)
  from space 4352K,  40% used [0x07680000, 0x078379b0, 0x07ac0000)
  to   space 4352K,   0% used [0x07240000, 0x07240000, 0x07680000)
 tenured generation   total 87424K, used 26783K [0x0faa0000, 0x15000000, 0x25000000)
   the space 87424K,  30% used [0x0faa0000, 0x114c7c30, 0x114c7e00, 0x15000000)
 Metaspace       used 18472K, capacity 18952K, committed 19072K, reserved 19840K
Event: 597.685 GC heap after
Heap after GC invocations=7 (full 1):
 def new generation   total 39424K, used 1826K [0x05000000, 0x07ac0000, 0x0faa0000)
  eden space 35072K,   0% used [0x05000000, 0x05000000, 0x07240000)
  from space 4352K,  41% used [0x07240000, 0x07408ad8, 0x07680000)
  to   space 4352K,   0% used [0x07680000, 0x07680000, 0x07ac0000)
 tenured generation   total 87424K, used 26783K [0x0faa0000, 0x15000000, 0x25000000)
   the space 87424K,  30% used [0x0faa0000, 0x114c7c30, 0x114c7e00, 0x15000000)
 Metaspace       used 18472K, capacity 18952K, committed 19072K, reserved 19840K
}
Event: 725.584 GC heap before
{Heap before GC invocations=7 (full 1):
 def new generation   total 39424K, used 36898K [0x05000000, 0x07ac0000, 0x0faa0000)
  eden space 35072K, 100% used [0x05000000, 0x07240000, 0x07240000)
  from space 4352K,  41% used [0x07240000, 0x07408ad8, 0x07680000)
  to   space 4352K,   0% used [0x07680000, 0x07680000, 0x07ac0000)
 tenured generation   total 87424K, used 26783K [0x0faa0000, 0x15000000, 0x25000000)
   the space 87424K,  30% used [0x0faa0000, 0x114c7c30, 0x114c7e00, 0x15000000)
 Metaspace       used 18577K, capacity 19050K, committed 19200K, reserved 19840K
Event: 725.591 GC heap after
Heap after GC invocations=8 (full 1):
 def new generation   total 39424K, used 3247K [0x05000000, 0x07ac0000, 0x0faa0000)
  eden space 35072K,   0% used [0x05000000, 0x05000000, 0x07240000)
  from space 4352K,  74% used [0x07680000, 0x079abc28, 0x07ac0000)
  to   space 4352K,   0% used [0x07240000, 0x07240000, 0x07680000)
 tenured generation   total 87424K, used 26783K [0x0faa0000, 0x15000000, 0x25000000)
   the space 87424K,  30% used [0x0faa0000, 0x114c7c30, 0x114c7e00, 0x15000000)
 Metaspace       used 18577K, capacity 19050K, committed 19200K, reserved 19840K
}
Event: 868.845 GC heap before
{Heap before GC invocations=8 (full 1):
 def new generation   total 39424K, used 38319K [0x05000000, 0x07ac0000, 0x0faa0000)
  eden space 35072K, 100% used [0x05000000, 0x07240000, 0x07240000)
  from space 4352K,  74% used [0x07680000, 0x079abc28, 0x07ac0000)
  to   space 4352K,   0% used [0x07240000, 0x07240000, 0x07680000)
 tenured generation   total 87424K, used 26783K [0x0faa0000, 0x15000000, 0x25000000)
   the space 87424K,  30% used [0x0faa0000, 0x114c7c30, 0x114c7e00, 0x15000000)
 Metaspace       used 18873K, capacity 19338K, committed 19456K, reserved 19840K
Event: 868.863 GC heap after
Heap after GC invocations=9 (full 1):
 def new generation   total 39424K, used 2804K [0x05000000, 0x07ac0000, 0x0faa0000)
  eden space 35072K,   0% used [0x05000000, 0x05000000, 0x07240000)
  from space 4352K,  64% used [0x07240000, 0x074fd268, 0x07680000)
  to   space 4352K,   0% used [0x07680000, 0x07680000, 0x07ac0000)
 tenured generation   total 87424K, used 28200K [0x0faa0000, 0x15000000, 0x25000000)
   the space 87424K,  32% used [0x0faa0000, 0x1162a2b8, 0x1162a400, 0x15000000)
 Metaspace       used 18873K, capacity 19338K, committed 19456K, reserved 19840K
}
Event: 926.162 GC heap before
{Heap before GC invocations=9 (full 1):
 def new generation   total 39424K, used 37876K [0x05000000, 0x07ac0000, 0x0faa0000)
  eden space 35072K, 100% used [0x05000000, 0x07240000, 0x07240000)
  from space 4352K,  64% used [0x07240000, 0x074fd268, 0x07680000)
  to   space 4352K,   0% used [0x07680000, 0x07680000, 0x07ac0000)
 tenured generation   total 87424K, used 28200K [0x0faa0000, 0x15000000, 0x25000000)
   the space 87424K,  32% used [0x0faa0000, 0x1162a2b8, 0x1162a400, 0x15000000)
 Metaspace       used 18879K, capacity 19375K, committed 19456K, reserved 19840K
Event: 926.181 GC heap after
Heap after GC invocations=10 (full 1):
 def new generation   total 39424K, used 3701K [0x05000000, 0x07ac0000, 0x0faa0000)
  eden space 35072K,   0% used [0x05000000, 0x05000000, 0x07240000)
  from space 4352K,  85% used [0x07680000, 0x07a1d4f8, 0x07ac0000)
  to   space 4352K,   0% used [0x07240000, 0x07240000, 0x07680000)
 tenured generation   total 87424K, used 30629K [0x0faa0000, 0x15000000, 0x25000000)
   the space 87424K,  35% used [0x0faa0000, 0x118896e8, 0x11889800, 0x15000000)
 Metaspace       used 18879K, capacity 19375K, committed 19456K, reserved 19840K
}
Event: 1082.820 GC heap before
{Heap before GC invocations=10 (full 1):
 def new generation   total 39424K, used 38773K [0x05000000, 0x07ac0000, 0x0faa0000)
  eden space 35072K, 100% used [0x05000000, 0x07240000, 0x07240000)
  from space 4352K,  85% used [0x07680000, 0x07a1d4f8, 0x07ac0000)
  to   space 4352K,   0% used [0x07240000, 0x07240000, 0x07680000)
 tenured generation   total 87424K, used 30629K [0x0faa0000, 0x15000000, 0x25000000)
   the space 87424K,  35% used [0x0faa0000, 0x118896e8, 0x11889800, 0x15000000)
 Metaspace       used 18881K, capacity 19380K, committed 19456K, reserved 19840K
Event: 1082.826 GC heap after
Heap after GC invocations=11 (full 1):
 def new generation   total 39424K, used 1337K [0x05000000, 0x07ac0000, 0x0faa0000)
  eden space 35072K,   0% used [0x05000000, 0x05000000, 0x07240000)
  from space 4352K,  30% used [0x07240000, 0x0738e760, 0x07680000)
  to   space 4352K,   0% used [0x07680000, 0x07680000, 0x07ac0000)
 tenured generation   total 87424K, used 34104K [0x0faa0000, 0x15000000, 0x25000000)
   the space 87424K,  39% used [0x0faa0000, 0x11bee008, 0x11bee200, 0x15000000)
 Metaspace       used 18881K, capacity 19380K, committed 19456K, reserved 19840K
}

