# JRE version: Java(TM) SE Runtime Environment (8.0_92-b14) (build 1.8.0_92-b14)
# Java VM: Java HotSpot(TM) Client VM (25.92-b14 mixed mode windows-x86 )
Heap:
 def new generation   total 39424K, used 5880K [0x05000000, 0x07ac0000, 0x0faa0000)
  eden space 35072K,   6% used [0x05000000, 0x052396e8, 0x07240000)
  from space 4352K,  82% used [0x07240000, 0x075c4970, 0x07680000)
  to   space 4352K,   0% used [0x07680000, 0x07680000, 0x07ac0000)
 tenured generation   total 87424K, used 21348K [0x0faa0000, 0x15000000, 0x25000000)
   the space 87424K,  24% used [0x0faa0000, 0x10f79128, 0x10f79200, 0x15000000)
 Metaspace       used 18134K, capacity 18594K, committed 18688K, reserved 18816K
GC Heap History (10 events):
Event: 0.607 GC heap before
{Heap before GC invocations=0 (full 0):
 def new generation   total 39296K, used 34928K [0x05000000, 0x07aa0000, 0x0faa0000)
  eden space 34944K,  99% used [0x05000000, 0x0721c2a8, 0x07220000)
  from space 4352K,   0% used [0x07220000, 0x07220000, 0x07660000)
  to   space 4352K,   0% used [0x07660000, 0x07660000, 0x07aa0000)
 tenured generation   total 87424K, used 0K [0x0faa0000, 0x15000000, 0x25000000)
   the space 87424K,   0% used [0x0faa0000, 0x0faa0000, 0x0faa0200, 0x15000000)
 Metaspace       used 9691K, capacity 9900K, committed 9984K, reserved 10624K
Event: 0.614 GC heap after
Heap after GC invocations=1 (full 0):
 def new generation   total 39296K, used 4352K [0x05000000, 0x07aa0000, 0x0faa0000)
  eden space 34944K,   0% used [0x05000000, 0x05000000, 0x07220000)
  from space 4352K, 100% used [0x07660000, 0x07aa0000, 0x07aa0000)
  to   space 4352K,   0% used [0x07220000, 0x07220000, 0x07660000)
 tenured generation   total 87424K, used 2843K [0x0faa0000, 0x15000000, 0x25000000)
   the space 87424K,   3% used [0x0faa0000, 0x0fd66f78, 0x0fd67000, 0x15000000)
 Metaspace       used 9691K, capacity 9900K, committed 9984K, reserved 10624K
}
Event: 1.041 GC heap before
{Heap before GC invocations=1 (full 0):
 def new generation   total 39296K, used 39296K [0x05000000, 0x07aa0000, 0x0faa0000)
  eden space 34944K, 100% used [0x05000000, 0x07220000, 0x07220000)
  from space 4352K, 100% used [0x07660000, 0x07aa0000, 0x07aa0000)
  to   space 4352K,   0% used [0x07220000, 0x07220000, 0x07660000)
 tenured generation   total 87424K, used 2843K [0x0faa0000, 0x15000000, 0x25000000)
   the space 87424K,   3% used [0x0faa0000, 0x0fd66f78, 0x0fd67000, 0x15000000)
 Metaspace       used 11469K, capacity 11837K, committed 11904K, reserved 12672K
Event: 1.055 GC heap after
Heap after GC invocations=2 (full 0):
 def new generation   total 39296K, used 4352K [0x05000000, 0x07aa0000, 0x0faa0000)
  eden space 34944K,   0% used [0x05000000, 0x05000000, 0x07220000)
  from space 4352K, 100% used [0x07220000, 0x07660000, 0x07660000)
  to   space 4352K,   0% used [0x07660000, 0x07660000, 0x07aa0000)
 tenured generation   total 87424K, used 8938K [0x0faa0000, 0x15000000, 0x25000000)
   the space 87424K,  10% used [0x0faa0000, 0x1035a8c0, 0x1035aa00, 0x15000000)
 Metaspace       used 11469K, capacity 11837K, committed 11904K, reserved 12672K
}
Event: 1.188 GC heap before
{Heap before GC invocations=2 (full 0):
 def new generation   total 39296K, used 8894K [0x05000000, 0x07aa0000, 0x0faa0000)
  eden space 34944K,  13% used [0x05000000, 0x0546fbc8, 0x07220000)
  from space 4352K, 100% used [0x07220000, 0x07660000, 0x07660000)
  to   space 4352K,   0% used [0x07660000, 0x07660000, 0x07aa0000)
 tenured generation   total 87424K, used 8938K [0x0faa0000, 0x15000000, 0x25000000)
   the space 87424K,  10% used [0x0faa0000, 0x1035a8c0, 0x1035aa00, 0x15000000)
 Metaspace       used 11902K, capacity 12268K, committed 12288K, reserved 12672K
Event: 1.206 GC heap after
Heap after GC invocations=3 (full 1):
 def new generation   total 39424K, used 0K [0x05000000, 0x07ac0000, 0x0faa0000)
  eden space 35072K,   0% used [0x05000000, 0x05000000, 0x07240000)
  from space 4352K,   0% used [0x07240000, 0x07240000, 0x07680000)
  to   space 4352K,   0% used [0x07680000, 0x07680000, 0x07ac0000)
 tenured generation   total 87424K, used 13977K [0x0faa0000, 0x15000000, 0x25000000)
   the space 87424K,  15% used [0x0faa0000, 0x10846718, 0x10846800, 0x15000000)
 Metaspace       used 11902K, capacity 12268K, committed 12288K, reserved 12672K
}
Event: 2.178 GC heap before
{Heap before GC invocations=3 (full 1):
 def new generation   total 39424K, used 35072K [0x05000000, 0x07ac0000, 0x0faa0000)
  eden space 35072K, 100% used [0x05000000, 0x07240000, 0x07240000)
  from space 4352K,   0% used [0x07240000, 0x07240000, 0x07680000)
  to   space 4352K,   0% used [0x07680000, 0x07680000, 0x07ac0000)
 tenured generation   total 87424K, used 13977K [0x0faa0000, 0x15000000, 0x25000000)
   the space 87424K,  15% used [0x0faa0000, 0x10846718, 0x10846800, 0x15000000)
 Metaspace       used 16810K, capacity 17237K, committed 17408K, reserved 17792K
Event: 2.186 GC heap after
Heap after GC invocations=4 (full 1):
 def new generation   total 39424K, used 4352K [0x05000000, 0x07ac0000, 0x0faa0000)
  eden space 35072K,   0% used [0x05000000, 0x05000000, 0x07240000)
  from space 4352K, 100% used [0x07680000, 0x07ac0000, 0x07ac0000)
  to   space 4352K,   0% used [0x07240000, 0x07240000, 0x07680000)
 tenured generation   total 87424K, used 15635K [0x0faa0000, 0x15000000, 0x25000000)
   the space 87424K,  17% used [0x0faa0000, 0x109e4c30, 0x109e4e00, 0x15000000)
 Metaspace       used 16810K, capacity 17237K, committed 17408K, reserved 17792K
}
Event: 168.264 GC heap before
{Heap before GC invocations=4 (full 1):
 def new generation   total 39424K, used 39424K [0x05000000, 0x07ac0000, 0x0faa0000)
  eden space 35072K, 100% used [0x05000000, 0x07240000, 0x07240000)
  from space 4352K, 100% used [0x07680000, 0x07ac0000, 0x07ac0000)
  to   space 4352K,   0% used [0x07240000, 0x07240000, 0x07680000)
 tenured generation   total 87424K, used 15635K [0x0faa0000, 0x15000000, 0x25000000)
   the space 87424K,  17% used [0x0faa0000, 0x109e4c30, 0x109e4e00, 0x15000000)
 Metaspace       used 18134K, capacity 18594K, committed 18688K, reserved 18816K
Event: 168.296 GC heap after
Heap after GC invocations=5 (full 1):
 def new generation   total 39424K, used 3602K [0x05000000, 0x07ac0000, 0x0faa0000)
  eden space 35072K,   0% used [0x05000000, 0x05000000, 0x07240000)
  from space 4352K,  82% used [0x07240000, 0x075c4970, 0x07680000)
  to   space 4352K,   0% used [0x07680000, 0x07680000, 0x07ac0000)
 tenured generation   total 87424K, used 21348K [0x0faa0000, 0x15000000, 0x25000000)
   the space 87424K,  24% used [0x0faa0000, 0x10f79128, 0x10f79200, 0x15000000)
 Metaspace       used 18134K, capacity 18594K, committed 18688K, reserved 18816K
}

